C51 COMPILER V9.56.0.0   INTERRUPT                                                         12/17/2017 17:53:41 PAGE 1   


C51 COMPILER V9.56.0.0, COMPILATION OF MODULE INTERRUPT
OBJECT MODULE PLACED IN .\Objects\interrupt.obj
COMPILER INVOKED BY: E:\Keil\C51\BIN\C51.EXE code\interrupt.c LARGE OPTIMIZE(8,SPEED) BROWSE DEBUG OBJECTEXTEND PRINT(.\
                    -Listings\interrupt.lst) TABS(2) OBJECT(.\Objects\interrupt.obj)

line level    source

   1          //=====================================================================================
   2          #include "gheader.h"
   3          //=====================================================================================
   4          //
   5          //=====================================================================================
   6          #define   IF_IRQ15    0x80
   7          #define   IF_IRQ14    0x40
   8          #define   IF_IRQ13    0x20
   9          #define   IF_IRQ12    0x10
  10          #define   IF_IRQ11    0x08
  11          #define   IF_IRQ10    0x04
  12          #define   IF_IRQ9   0x02
  13          #define   IF_IRQ8   0x01
  14          #define   IF_IRQ7   0x80
  15          #define   IF_IRQ6   0x40
  16          #define   IF_IRQ5   0x20
  17          #define   IF_IRQ4   0x10
  18          #define   IF_IRQ3   0x08
  19          #define   IF_IRQ2   0x04
  20          #define   IF_IRQ1   0x02
  21          #define   IF_IRQ0   0x01 
  22          //--------------------------------
  23          #define   IF_SPI    0x80
  24          #define   IF_MI2C   0x40
  25          #define   IF_ADC    0x20
  26          #define   IF_ACOMP  0x10
  27          #define   IF_LVD    0x08
  28          #define   IF_WTMR 0x04
  29          #define   IF_ETMR   0x02
  30          #define   IF_IN_TOG 0x01
  31          //---------------------------------------------------------
  32          //        Interrupt  Function
  33          // Interrupt            vector    Num   Location
  34          //=======================================
  35          //External Interrupt-0         03H    0   (highest) IE.0  TCON.0
  36          //Timer/Counter-0        0BH    1   IE.1  --
  37          //External Interrrupt-1        13H    2   IE.2  TCON.2
  38          //Timer/Counter-1        1BH    3   IE.3  --
  39          //Serial Port                 23H   4   IE.4  --
  40          //Timer/Counter-2        2BH    5   IE.5  --
  41          //Serial Port-1               33H   6     IE.6  --
  42          //External Interrupt-2         3BH    7   XICON.2 XICON.0
  43          //External Interrupt-3         43H    8   (lowest)  XICON.6 XICON.4
  44          //---------------------------------------------------------
  45          void INT0_ISR_Entry(void) interrupt 0 
  46          { 
  47   1      
  48   1      
  49   1      
  50   1      }
  51          //======================================================
  52          //
  53          //======================================================
  54          void INT1_ISR_Entry(void) interrupt 2 
C51 COMPILER V9.56.0.0   INTERRUPT                                                         12/17/2017 17:53:41 PAGE 2   

  55          { 
  56   1      
  57   1      
  58   1      }
  59          //======================================================
  60          //
  61          //======================================================
  62          void INT2_ISR_Entry(void) interrupt 7 
  63          { 
  64   1      
  65   1      }
  66          //======================================================
  67          //  only for IRQ[15:0]
  68          //======================================================
  69          void INT3_ISR_Entry(void) interrupt 8 
  70          {
  71   1      
  72   1      }
  73          


MODULE INFORMATION:   STATIC OVERLAYABLE
   CODE SIZE        =      4    ----
   CONSTANT SIZE    =   ----    ----
   XDATA SIZE       =   ----    ----
   PDATA SIZE       =   ----    ----
   DATA SIZE        =   ----    ----
   IDATA SIZE       =   ----    ----
   BIT SIZE         =   ----    ----
END OF MODULE INFORMATION.


C51 COMPILATION COMPLETE.  0 WARNING(S),  0 ERROR(S)
