C51 COMPILER V9.56.0.0   UTIL                                                              10/28/2017 12:38:18 PAGE 1   


C51 COMPILER V9.56.0.0, COMPILATION OF MODULE UTIL
OBJECT MODULE PLACED IN .\Objects\Util.obj
COMPILER INVOKED BY: C:\Keil_v5\C51\BIN\C51.EXE code\Util.c LARGE OPTIMIZE(8,SPEED) BROWSE DEBUG OBJECTEXTEND PRINT(.\Li
                    -stings\Util.lst) TABS(2) OBJECT(.\Objects\Util.obj)

line level    source

   1          #include "gheader.h"
   2          
   3          
   4          BYTE Asc1Bin(BYTE asc)
   5          {
   6   1        if(asc>='0' && asc <='9') return (asc - '0');
   7   1        else  if(asc>='a' && asc <='f') return (asc - 'a' + 0x0a);
   8   1        else    if(asc>='A' && asc <='F') return (asc - 'A' + 0x0a);
   9   1        else return asc;
  10   1      }
  11          
  12          
  13          uint32 a2h(BYTE *str)
  14          {
  15   1        XDATA uint32 num=0;
  16   1        XDATA u8 i;
  17   1        
  18   1        for(i=0; ; i++, str++) {
  19   2          if( *str=='\0' || *str==' ' ) break;
  20   2          num = num*0x10 + Asc1Bin(*str);
  21   2        }
  22   1        return num;
  23   1      }
  24          
  25          #ifdef TW88xx
              uint32 a2i(BYTE *str)
              {
                XDATA uint32 num=0;
                XDATA BYTE i;
              
                for(i=0; ; i++, str++) {
                  if( *str=='\0' || *str==' ' ) break;
                  num = num*10 + *str - '0';
                }
                return num;
              }
              
              #endif
  39          
  40          BYTE toupper(BYTE ch)
  41          {
  42   1        if( ch>='a' && ch<='z' )
  43   1          return (ch - 'a' + 'A');
  44   1        else
  45   1          return ch;
  46   1      }
  47          
  48          int stricmp(BYTE *ptr1, BYTE *ptr2)
  49          {
  50   1        XDATA int i, ret;
  51   1        
  52   1        for(i=0; *ptr1; i++) {
  53   2          ret = toupper(*ptr1++) - toupper(*ptr2++);
  54   2          if( ret ) return ret;
C51 COMPILER V9.56.0.0   UTIL                                                              10/28/2017 12:38:18 PAGE 2   

  55   2        }
  56   1        ret = toupper(*ptr1) - toupper(*ptr2);
  57   1        if( ret ) return ret;
  58   1      
  59   1        return 0;
  60   1      }
  61          
  62          


MODULE INFORMATION:   STATIC OVERLAYABLE
   CODE SIZE        =    382    ----
   CONSTANT SIZE    =   ----    ----
   XDATA SIZE       =   ----      18
   PDATA SIZE       =   ----    ----
   DATA SIZE        =   ----    ----
   IDATA SIZE       =   ----    ----
   BIT SIZE         =   ----    ----
END OF MODULE INFORMATION.


C51 COMPILATION COMPLETE.  0 WARNING(S),  0 ERROR(S)
